<?xml version="1.0" encoding="UTF-8"?>
<testsuite name="CalculatorTest" tests="1" skipped="0" failures="0" errors="0" timestamp="2023-10-02T09:52:15" hostname="DESKTOP-H73F8N5" time="0.02">
  <properties/>
  <testcase name="substractTest()" classname="CalculatorTest" time="0.02"/>
  <system-out><![CDATA[]]></system-out>
  <system-err><![CDATA[]]></system-err>
</testsuite>
